[16Oct2024 00:02:08.644] [Server thread/WARN] [net.minecraft.server.network.ServerGamePacketListenerImpl/]: piuma4 moved too quickly! 0.7137200676525026,-2.43183139263229,9.859815422631073
[16Oct2024 00:02:08.650] [Server thread/WARN] [net.minecraft.server.MinecraftServer/]: Can't keep up! Is the server overloaded? Running 4432ms or 88 ticks behind
[16Oct2024 00:02:30.715] [Server thread/INFO] [net.minecraft.server.commands.LocateCommand/]: Locating element minecraft:plains took 7 ms
[16Oct2024 00:02:33.828] [Server thread/INFO] [net.minecraft.server.MinecraftServer/]: [piuma4: Teleported piuma4 to -2531.500000, 169.000000, 7035.500000]
[16Oct2024 00:03:28.566] [Server thread/WARN] [net.minecraft.server.network.ServerGamePacketListenerImpl/]: piuma4 moved too quickly! -8.459031256355502,0.0,-5.556902219150288
[16Oct2024 00:03:28.571] [Server thread/WARN] [net.minecraft.server.MinecraftServer/]: Can't keep up! Is the server overloaded? Running 4953ms or 99 ticks behind
[16Oct2024 00:03:51.202] [Server thread/INFO] [net.minecraft.server.commands.LocateCommand/]: Locating element minecraft:plains took 663 ms
[16Oct2024 00:03:55.093] [Server thread/INFO] [net.minecraft.server.MinecraftServer/]: [piuma4: Teleported piuma4 to -3371.500000, 141.000000, 2193.500000]
[16Oct2024 00:04:38.448] [Server thread/WARN] [net.minecraft.world.entity.EntityType/]: Skipping Entity with id mca:female_zombie_villager
[16Oct2024 00:07:37.357] [Server thread/INFO] [net.minecraft.server.commands.LocateCommand/]: Locating element born_in_chaos_v1:dark_tower_plain took 215 ms
[16Oct2024 00:07:55.151] [Server thread/INFO] [net.minecraft.server.MinecraftServer/]: [piuma4: Teleported piuma4 to 3584.500000, 113.698138, -6639.500000]
[16Oct2024 00:07:55.151] [Server thread/WARN] [net.minecraft.server.MinecraftServer/]: Can't keep up! Is the server overloaded? Running 14533ms or 290 ticks behind
[16Oct2024 00:25:15.732] [Server thread/INFO] [net.minecraft.server.network.ServerGamePacketListenerImpl/]: piuma4 lost connection: Disconnected
[16Oct2024 00:25:15.732] [Server thread/INFO] [net.minecraft.server.MinecraftServer/]: piuma4 left the game
[16Oct2024 01:03:01.490] [Server thread/INFO] [net.minecraft.server.players.PlayerList/]: piuma4[/127.232.69.125:35541] logged in with entity id 29570 at (-2752.888997842757, 65.79589088809104, 1083.937937260257)
[16Oct2024 01:03:01.492] [Server thread/INFO] [ModdingLegacy/blue_skies/]: Sending ToolHandleTypeManager to piuma4
[16Oct2024 01:03:01.493] [Server thread/INFO] [ModdingLegacy/blue_skies/]: Sending SnowcapOvenFreezingManager to piuma4
[16Oct2024 01:03:01.493] [Server thread/INFO] [ModdingLegacy/blue_skies/]: Sending HorizoniteForgeFuelManager to piuma4
[16Oct2024 01:03:01.494] [Server thread/INFO] [ModdingLegacy/blue_skies/]: Sending AlchemyRecipeManager to piuma4
[16Oct2024 01:03:01.499] [Server thread/INFO] [ModdingLegacy/blue_skies/]: Sending JournalEntryManager to piuma4
[16Oct2024 01:03:01.502] [Server thread/INFO] [ModdingLegacy/blue_skies/]: Sending JournalSectionManager to piuma4
[16Oct2024 01:03:01.502] [Server thread/INFO] [ModdingLegacy/blue_skies/]: Sending JournalRequirementManager to piuma4
[16Oct2024 01:03:01.666] [Server thread/INFO] [net.minecraft.server.MinecraftServer/]: piuma4 joined the game
[16Oct2024 01:03:01.701] [Server thread/INFO] [spawnermod/]: Sending config to player.
[16Oct2024 01:03:55.640] [Server thread/INFO] [net.minecraft.server.MinecraftServer/]: [piuma4: Set the time to 1000]
[16Oct2024 01:13:58.979] [Server thread/INFO] [net.minecraft.server.MinecraftServer/]: [piuma4: Set the time to 1000]
[16Oct2024 01:16:04.387] [Server thread/INFO] [net.minecraft.server.network.ServerGamePacketListenerImpl/]: piuma4 lost connection: Disconnected
[16Oct2024 01:16:04.388] [Server thread/INFO] [net.minecraft.server.MinecraftServer/]: piuma4 left the game
[16Oct2024 01:20:11.156] [Server thread/INFO] [net.minecraft.server.players.PlayerList/]: piuma4[/127.232.69.125:53369] logged in with entity id 32160 at (-2750.41357678873, 65.3756164080243, 1069.7125946283934)
[16Oct2024 01:20:11.158] [Server thread/INFO] [ModdingLegacy/blue_skies/]: Sending ToolHandleTypeManager to piuma4
[16Oct2024 01:20:11.158] [Server thread/INFO] [ModdingLegacy/blue_skies/]: Sending SnowcapOvenFreezingManager to piuma4
[16Oct2024 01:20:11.159] [Server thread/INFO] [ModdingLegacy/blue_skies/]: Sending HorizoniteForgeFuelManager to piuma4
[16Oct2024 01:20:11.159] [Server thread/INFO] [ModdingLegacy/blue_skies/]: Sending AlchemyRecipeManager to piuma4
[16Oct2024 01:20:11.161] [Server thread/INFO] [ModdingLegacy/blue_skies/]: Sending JournalEntryManager to piuma4
[16Oct2024 01:20:11.163] [Server thread/INFO] [ModdingLegacy/blue_skies/]: Sending JournalSectionManager to piuma4
[16Oct2024 01:20:11.163] [Server thread/INFO] [ModdingLegacy/blue_skies/]: Sending JournalRequirementManager to piuma4
[16Oct2024 01:20:11.193] [Server thread/INFO] [net.minecraft.server.MinecraftServer/]: piuma4 joined the game
[16Oct2024 01:20:11.199] [Server thread/INFO] [spawnermod/]: Sending config to player.
[16Oct2024 01:21:14.584] [Server thread/INFO] [net.minecraft.server.MinecraftServer/]: [piuma4: Set own game mode to Survival Mode]
[16Oct2024 01:21:30.129] [Server thread/INFO] [net.minecraft.server.network.ServerGamePacketListenerImpl/]: piuma4 lost connection: Disconnected
[16Oct2024 01:21:30.130] [Server thread/INFO] [net.minecraft.server.MinecraftServer/]: piuma4 left the game
[16Oct2024 01:28:07.122] [Server thread/INFO] [net.minecraft.server.MinecraftServer/]: Stopping the server
[16Oct2024 01:28:07.171] [Server thread/INFO] [net.minecraft.server.MinecraftServer/]: Stopping server
[16Oct2024 01:28:07.171] [Server thread/INFO] [net.minecraft.server.MinecraftServer/]: Saving players
[16Oct2024 01:28:07.172] [Server thread/INFO] [net.minecraft.server.MinecraftServer/]: Saving worlds
[16Oct2024 01:28:07.218] [Server thread/INFO] [net.minecraft.server.MinecraftServer/]: Saving chunks for level 'ServerLevel[world]'/minecraft:overworld
[16Oct2024 01:28:07.956] [Server thread/INFO] [net.minecraft.server.MinecraftServer/]: Saving chunks for level 'ServerLevel[world]'/ad_astra:mercury
[16Oct2024 01:28:07.957] [Server thread/INFO] [net.minecraft.server.MinecraftServer/]: Saving chunks for level 'ServerLevel[world]'/deeperdarker:otherside
[16Oct2024 01:28:07.957] [Server thread/INFO] [net.minecraft.server.MinecraftServer/]: Saving chunks for level 'ServerLevel[world]'/blue_skies:everbright
[16Oct2024 01:28:07.958] [Server thread/INFO] [net.minecraft.server.MinecraftServer/]: Saving chunks for level 'ServerLevel[world]'/ad_astra:earth_orbit
[16Oct2024 01:28:07.958] [Server thread/INFO] [net.minecraft.server.MinecraftServer/]: Saving chunks for level 'ServerLevel[world]'/blue_skies:everdawn
[16Oct2024 01:28:07.959] [Server thread/INFO] [net.minecraft.server.MinecraftServer/]: Saving chunks for level 'ServerLevel[world]'/twilightforest:twilight_forest
[16Oct2024 01:28:07.959] [Server thread/INFO] [net.minecraft.server.MinecraftServer/]: Saving chunks for level 'ServerLevel[world]'/ad_astra:venus_orbit
[16Oct2024 01:28:07.960] [Server thread/INFO] [net.minecraft.server.MinecraftServer/]: Saving chunks for level 'ServerLevel[world]'/ad_astra:glacio_orbit
[16Oct2024 01:28:07.960] [Server thread/INFO] [net.minecraft.server.MinecraftServer/]: Saving chunks for level 'ServerLevel[world]'/ad_astra:mercury_orbit
[16Oct2024 01:28:07.961] [Server thread/INFO] [net.minecraft.server.MinecraftServer/]: Saving chunks for level 'ServerLevel[world]'/ad_astra:mars
[16Oct2024 01:28:07.963] [Server thread/INFO] [net.minecraft.server.MinecraftServer/]: Saving chunks for level 'ServerLevel[world]'/ad_astra:moon
[16Oct2024 01:28:07.963] [Server thread/INFO] [net.minecraft.server.MinecraftServer/]: Saving chunks for level 'ServerLevel[world]'/ad_astra:moon_orbit
[16Oct2024 01:28:07.964] [Server thread/INFO] [net.minecraft.server.MinecraftServer/]: Saving chunks for level 'ServerLevel[world]'/graveyard:past
[16Oct2024 01:28:07.965] [Server thread/INFO] [net.minecraft.server.MinecraftServer/]: Saving chunks for level 'ServerLevel[world]'/minecraft:the_nether
[16Oct2024 01:28:07.965] [Server thread/INFO] [net.minecraft.server.MinecraftServer/]: Saving chunks for level 'ServerLevel[world]'/ad_astra:glacio
[16Oct2024 01:28:07.966] [Server thread/INFO] [net.minecraft.server.MinecraftServer/]: Saving chunks for level 'ServerLevel[world]'/the_bumblezone:the_bumblezone
[16Oct2024 01:28:07.966] [Server thread/INFO] [net.minecraft.server.MinecraftServer/]: Saving chunks for level 'ServerLevel[world]'/ad_astra:venus
[16Oct2024 01:28:07.967] [Server thread/INFO] [net.minecraft.server.MinecraftServer/]: Saving chunks for level 'ServerLevel[world]'/minecraft:the_end
[16Oct2024 01:28:07.968] [Server thread/INFO] [net.minecraft.server.MinecraftServer/]: Saving chunks for level 'ServerLevel[world]'/ad_astra:mars_orbit
[16Oct2024 01:28:07.968] [Server thread/INFO] [net.minecraft.server.MinecraftServer/]: Saving chunks for level 'ServerLevel[world]'/ae2:spatial_storage
[16Oct2024 01:28:08.122] [Server thread/INFO] [net.minecraft.server.MinecraftServer/]: ThreadedAnvilChunkStorage (world): All chunks are saved
[16Oct2024 01:28:08.122] [Server thread/INFO] [net.minecraft.server.MinecraftServer/]: ThreadedAnvilChunkStorage (mercury): All chunks are saved
[16Oct2024 01:28:08.122] [Server thread/INFO] [net.minecraft.server.MinecraftServer/]: ThreadedAnvilChunkStorage (otherside): All chunks are saved
[16Oct2024 01:28:08.122] [Server thread/INFO] [net.minecraft.server.MinecraftServer/]: ThreadedAnvilChunkStorage (everbright): All chunks are saved
[16Oct2024 01:28:08.122] [Server thread/INFO] [net.minecraft.server.MinecraftServer/]: ThreadedAnvilChunkStorage (earth_orbit): All chunks are saved
[16Oct2024 01:28:08.122] [Server thread/INFO] [net.minecraft.server.MinecraftServer/]: ThreadedAnvilChunkStorage (everdawn): All chunks are saved
[16Oct2024 01:28:08.122] [Server thread/INFO] [net.minecraft.server.MinecraftServer/]: ThreadedAnvilChunkStorage (twilight_forest): All chunks are saved
[16Oct2024 01:28:08.122] [Server thread/INFO] [net.minecraft.server.MinecraftServer/]: ThreadedAnvilChunkStorage (venus_orbit): All chunks are saved
[16Oct2024 01:28:08.123] [Server thread/INFO] [net.minecraft.server.MinecraftServer/]: ThreadedAnvilChunkStorage (glacio_orbit): All chunks are saved
[16Oct2024 01:28:08.123] [Server thread/INFO] [net.minecraft.server.MinecraftServer/]: ThreadedAnvilChunkStorage (mercury_orbit): All chunks are saved
[16Oct2024 01:28:08.123] [Server thread/INFO] [net.minecraft.server.MinecraftServer/]: ThreadedAnvilChunkStorage (mars): All chunks are saved
[16Oct2024 01:28:08.123] [Server thread/INFO] [net.minecraft.server.MinecraftServer/]: ThreadedAnvilChunkStorage (moon): All chunks are saved
[16Oct2024 01:28:08.123] [Server thread/INFO] [net.minecraft.server.MinecraftServer/]: ThreadedAnvilChunkStorage (moon_orbit): All chunks are saved
[16Oct2024 01:28:08.123] [Server thread/INFO] [net.minecraft.server.MinecraftServer/]: ThreadedAnvilChunkStorage (past): All chunks are saved
[16Oct2024 01:28:08.123] [Server thread/INFO] [net.minecraft.server.MinecraftServer/]: ThreadedAnvilChunkStorage (DIM-1): All chunks are saved
[16Oct2024 01:28:08.124] [Server thread/INFO] [net.minecraft.server.MinecraftServer/]: ThreadedAnvilChunkStorage (glacio): All chunks are saved
[16Oct2024 01:28:08.124] [Server thread/INFO] [net.minecraft.server.MinecraftServer/]: ThreadedAnvilChunkStorage (the_bumblezone): All chunks are saved
[16Oct2024 01:28:08.124] [Server thread/INFO] [net.minecraft.server.MinecraftServer/]: ThreadedAnvilChunkStorage (venus): All chunks are saved
[16Oct2024 01:28:08.124] [Server thread/INFO] [net.minecraft.server.MinecraftServer/]: ThreadedAnvilChunkStorage (DIM1): All chunks are saved
[16Oct2024 01:28:08.124] [Server thread/INFO] [net.minecraft.server.MinecraftServer/]: ThreadedAnvilChunkStorage (mars_orbit): All chunks are saved
[16Oct2024 01:28:08.124] [Server thread/INFO] [net.minecraft.server.MinecraftServer/]: ThreadedAnvilChunkStorage (spatial_storage): All chunks are saved
[16Oct2024 01:28:08.124] [Server thread/INFO] [net.minecraft.server.MinecraftServer/]: ThreadedAnvilChunkStorage: All dimensions are saved
[16Oct2024 01:28:08.744] [Server thread/INFO] [Framework/]: Unloading server configs...
[16Oct2024 01:28:08.745] [Server thread/INFO] [Framework/]: Sending config unload event for goblintraders-entities.toml
[16Oct2024 01:28:08.771] [Server thread/INFO] [journeymap/]: Loading JourneyMap Forge Configs
